<?xml version="1.0" encoding="UTF-8"?>
<testsuite name="github.balncesea.cloudAsk.service.CronScheduleTest" tests="3" skipped="0" failures="0" errors="0" timestamp="2026-07-30T11:39:20.180Z" hostname="WIN-7T93UF3F293" time="0.032">
  <properties/>
  <testcase name="rejectsUnsupportedFieldCounts()" classname="github.balncesea.cloudAsk.service.CronScheduleTest" time="0.001"/>
  <testcase name="supportsQuartzExpressionsWithSeconds()" classname="github.balncesea.cloudAsk.service.CronScheduleTest" time="0.026"/>
  <testcase name="supportsUnixFiveFieldExpressions()" classname="github.balncesea.cloudAsk.service.CronScheduleTest" time="0.002"/>
  <system-out><![CDATA[]]></system-out>
  <system-err><![CDATA[]]></system-err>
</testsuite>
