<?xml version="1.0" encoding="UTF-8"?>
<testsuite name="github.balncesea.cloudAsk.util.QuestionParserTest" tests="2" skipped="0" failures="0" errors="0" timestamp="2026-07-30T11:39:20.230Z" hostname="WIN-7T93UF3F293" time="0.002">
  <properties/>
  <testcase name="parsesSimpleQuestion()" classname="github.balncesea.cloudAsk.util.QuestionParserTest" time="0.001"/>
  <testcase name="parsesMultiWordAnswerWithSeparator()" classname="github.balncesea.cloudAsk.util.QuestionParserTest" time="0.0"/>
  <system-out><![CDATA[]]></system-out>
  <system-err><![CDATA[]]></system-err>
</testsuite>
